0 info it worked if it ends with ok
1 verbose cli [ 'C:\\Program Files\\nodejs\\node.exe',
1 verbose cli   'C:\\Program Files\\nodejs\\node_modules\\npm\\bin\\npm-cli.js',
1 verbose cli   'install' ]
2 info using npm@2.15.5
3 info using node@v4.4.5
4 verbose readDependencies loading dependencies from C:\Users\sheli\Desktop\DevProjects\Final-Project-SG-master\up2measure\package.json
5 verbose install where, deps [ 'C:\\Users\\sheli\\Desktop\\DevProjects\\Final-Project-SG-master\\up2measure',
5 verbose install   [ 'body-parser',
5 verbose install     'connect-flash',
5 verbose install     'express',
5 verbose install     'express-handlebars',
5 verbose install     'express-session',
5 verbose install     'mysql',
5 verbose install     'passport',
5 verbose install     'passport-local' ] ]
6 verbose install where, peers [ 'C:\\Users\\sheli\\Desktop\\DevProjects\\Final-Project-SG-master\\up2measure',
6 verbose install   [] ]
7 verbose installManyTop reading for lifecycle C:\Users\sheli\Desktop\DevProjects\Final-Project-SG-master\up2measure\package.json
8 info preinstall topnotch@1.1.1
9 verbose installManyTop reading scoped package data from C:\Users\sheli\Desktop\DevProjects\Final-Project-SG-master\up2measure\node_modules\babel\package.json
10 verbose installManyTop reading scoped package data from C:\Users\sheli\Desktop\DevProjects\Final-Project-SG-master\up2measure\node_modules\body\package.json
11 verbose installManyTop reading scoped package data from C:\Users\sheli\Desktop\DevProjects\Final-Project-SG-master\up2measure\node_modules\body-parser\package.json
12 verbose installManyTop reading scoped package data from C:\Users\sheli\Desktop\DevProjects\Final-Project-SG-master\up2measure\node_modules\cheerio\package.json
13 verbose installManyTop reading scoped package data from C:\Users\sheli\Desktop\DevProjects\Final-Project-SG-master\up2measure\node_modules\connect-flash\package.json
14 verbose installManyTop reading scoped package data from C:\Users\sheli\Desktop\DevProjects\Final-Project-SG-master\up2measure\node_modules\express\package.json
15 verbose installManyTop reading scoped package data from C:\Users\sheli\Desktop\DevProjects\Final-Project-SG-master\up2measure\node_modules\express-handlebars\package.json
16 verbose installManyTop reading scoped package data from C:\Users\sheli\Desktop\DevProjects\Final-Project-SG-master\up2measure\node_modules\express-session\package.json
17 verbose installManyTop reading scoped package data from C:\Users\sheli\Desktop\DevProjects\Final-Project-SG-master\up2measure\node_modules\literallycanvas\package.json
18 verbose installManyTop reading scoped package data from C:\Users\sheli\Desktop\DevProjects\Final-Project-SG-master\up2measure\node_modules\local-storage\package.json
19 verbose installManyTop reading scoped package data from C:\Users\sheli\Desktop\DevProjects\Final-Project-SG-master\up2measure\node_modules\mongodb\package.json
20 verbose installManyTop reading scoped package data from C:\Users\sheli\Desktop\DevProjects\Final-Project-SG-master\up2measure\node_modules\mongojs\package.json
21 verbose installManyTop reading scoped package data from C:\Users\sheli\Desktop\DevProjects\Final-Project-SG-master\up2measure\node_modules\mysql\package.json
22 verbose installManyTop reading scoped package data from C:\Users\sheli\Desktop\DevProjects\Final-Project-SG-master\up2measure\node_modules\package\package.json
23 verbose installManyTop reading scoped package data from C:\Users\sheli\Desktop\DevProjects\Final-Project-SG-master\up2measure\node_modules\parser\package.json
24 verbose installManyTop reading scoped package data from C:\Users\sheli\Desktop\DevProjects\Final-Project-SG-master\up2measure\node_modules\passport\package.json
25 verbose installManyTop reading scoped package data from C:\Users\sheli\Desktop\DevProjects\Final-Project-SG-master\up2measure\node_modules\passport-local\package.json
26 verbose installManyTop reading scoped package data from C:\Users\sheli\Desktop\DevProjects\Final-Project-SG-master\up2measure\node_modules\react\package.json
27 verbose installManyTop reading scoped package data from C:\Users\sheli\Desktop\DevProjects\Final-Project-SG-master\up2measure\node_modules\react-dom\package.json
28 verbose installManyTop reading scoped package data from C:\Users\sheli\Desktop\DevProjects\Final-Project-SG-master\up2measure\node_modules\react-router\package.json
29 verbose installManyTop reading scoped package data from C:\Users\sheli\Desktop\DevProjects\Final-Project-SG-master\up2measure\node_modules\request\package.json
30 verbose installManyTop reading scoped package data from C:\Users\sheli\Desktop\DevProjects\Final-Project-SG-master\up2measure\node_modules\webpack\package.json
31 info package.json connect-flash@0.1.1 No license field.
32 info package.json package@1.0.1 No license field.
33 info package.json parser@0.1.4 No license field.
34 info package.json passport-local@1.0.0 No license field.
35 info package.json body@5.1.0 No license field.
36 verbose readDependencies loading dependencies from C:\Users\sheli\Desktop\DevProjects\Final-Project-SG-master\up2measure\package.json
37 verbose targetResolver reading package data from C:\Users\sheli\Desktop\DevProjects\Final-Project-SG-master\up2measure\node_modules\babel\package.json
38 verbose targetResolver reading package data from C:\Users\sheli\Desktop\DevProjects\Final-Project-SG-master\up2measure\node_modules\body\package.json
39 verbose targetResolver reading package data from C:\Users\sheli\Desktop\DevProjects\Final-Project-SG-master\up2measure\node_modules\body-parser\package.json
40 verbose targetResolver reading package data from C:\Users\sheli\Desktop\DevProjects\Final-Project-SG-master\up2measure\node_modules\cheerio\package.json
41 verbose targetResolver reading package data from C:\Users\sheli\Desktop\DevProjects\Final-Project-SG-master\up2measure\node_modules\connect-flash\package.json
42 verbose targetResolver reading package data from C:\Users\sheli\Desktop\DevProjects\Final-Project-SG-master\up2measure\node_modules\express\package.json
43 verbose targetResolver reading package data from C:\Users\sheli\Desktop\DevProjects\Final-Project-SG-master\up2measure\node_modules\express-handlebars\package.json
44 verbose targetResolver reading package data from C:\Users\sheli\Desktop\DevProjects\Final-Project-SG-master\up2measure\node_modules\express-session\package.json
45 verbose targetResolver reading package data from C:\Users\sheli\Desktop\DevProjects\Final-Project-SG-master\up2measure\node_modules\literallycanvas\package.json
46 verbose targetResolver reading package data from C:\Users\sheli\Desktop\DevProjects\Final-Project-SG-master\up2measure\node_modules\local-storage\package.json
47 verbose targetResolver reading package data from C:\Users\sheli\Desktop\DevProjects\Final-Project-SG-master\up2measure\node_modules\mongodb\package.json
48 verbose targetResolver reading package data from C:\Users\sheli\Desktop\DevProjects\Final-Project-SG-master\up2measure\node_modules\mongojs\package.json
49 verbose targetResolver reading package data from C:\Users\sheli\Desktop\DevProjects\Final-Project-SG-master\up2measure\node_modules\mysql\package.json
50 verbose targetResolver reading package data from C:\Users\sheli\Desktop\DevProjects\Final-Project-SG-master\up2measure\node_modules\package\package.json
51 verbose targetResolver reading package data from C:\Users\sheli\Desktop\DevProjects\Final-Project-SG-master\up2measure\node_modules\parser\package.json
52 verbose targetResolver reading package data from C:\Users\sheli\Desktop\DevProjects\Final-Project-SG-master\up2measure\node_modules\passport\package.json
53 verbose targetResolver reading package data from C:\Users\sheli\Desktop\DevProjects\Final-Project-SG-master\up2measure\node_modules\passport-local\package.json
54 verbose targetResolver reading package data from C:\Users\sheli\Desktop\DevProjects\Final-Project-SG-master\up2measure\node_modules\react\package.json
55 verbose targetResolver reading package data from C:\Users\sheli\Desktop\DevProjects\Final-Project-SG-master\up2measure\node_modules\react-dom\package.json
56 verbose targetResolver reading package data from C:\Users\sheli\Desktop\DevProjects\Final-Project-SG-master\up2measure\node_modules\react-router\package.json
57 verbose targetResolver reading package data from C:\Users\sheli\Desktop\DevProjects\Final-Project-SG-master\up2measure\node_modules\request\package.json
58 verbose targetResolver reading package data from C:\Users\sheli\Desktop\DevProjects\Final-Project-SG-master\up2measure\node_modules\webpack\package.json
59 verbose targetResolver reading package data from C:\Users\sheli\Desktop\DevProjects\Final-Project-SG-master\up2measure\node_modules\.bin\babel\package.json
60 verbose targetResolver reading package data from C:\Users\sheli\Desktop\DevProjects\Final-Project-SG-master\up2measure\node_modules\.bin\babel-external-helpers\package.json
61 verbose targetResolver reading package data from C:\Users\sheli\Desktop\DevProjects\Final-Project-SG-master\up2measure\node_modules\.bin\babel-external-helpers.cmd\package.json
62 verbose targetResolver reading package data from C:\Users\sheli\Desktop\DevProjects\Final-Project-SG-master\up2measure\node_modules\.bin\babel-node\package.json
63 verbose targetResolver reading package data from C:\Users\sheli\Desktop\DevProjects\Final-Project-SG-master\up2measure\node_modules\.bin\babel-node.cmd\package.json
64 verbose targetResolver reading package data from C:\Users\sheli\Desktop\DevProjects\Final-Project-SG-master\up2measure\node_modules\.bin\babel.cmd\package.json
65 verbose targetResolver reading package data from C:\Users\sheli\Desktop\DevProjects\Final-Project-SG-master\up2measure\node_modules\.bin\webpack\package.json
66 verbose targetResolver reading package data from C:\Users\sheli\Desktop\DevProjects\Final-Project-SG-master\up2measure\node_modules\.bin\webpack.cmd\package.json
67 verbose already installed skipping passport-local@^1.0.0 C:\Users\sheli\Desktop\DevProjects\Final-Project-SG-master\up2measure
68 verbose already installed skipping body-parser@^1.15.2 C:\Users\sheli\Desktop\DevProjects\Final-Project-SG-master\up2measure
69 verbose already installed skipping connect-flash@^0.1.1 C:\Users\sheli\Desktop\DevProjects\Final-Project-SG-master\up2measure
70 verbose already installed skipping express@^4.14.0 C:\Users\sheli\Desktop\DevProjects\Final-Project-SG-master\up2measure
71 verbose already installed skipping express-handlebars@^3.0.0 C:\Users\sheli\Desktop\DevProjects\Final-Project-SG-master\up2measure
72 verbose already installed skipping express-session@^1.14.0 C:\Users\sheli\Desktop\DevProjects\Final-Project-SG-master\up2measure
73 verbose already installed skipping mysql@^2.11.1 C:\Users\sheli\Desktop\DevProjects\Final-Project-SG-master\up2measure
74 verbose already installed skipping passport@^0.3.2 C:\Users\sheli\Desktop\DevProjects\Final-Project-SG-master\up2measure
75 silly install resolved []
76 info build C:\Users\sheli\Desktop\DevProjects\Final-Project-SG-master\up2measure
77 info linkStuff topnotch@1.1.1
78 silly linkStuff topnotch@1.1.1 has C:\Users\sheli\Desktop\DevProjects\Final-Project-SG-master as its parent node_modules
79 verbose linkBins topnotch@1.1.1
80 verbose linkMans topnotch@1.1.1
81 verbose rebuildBundles topnotch@1.1.1
82 verbose rebuildBundles [ '.bin',
82 verbose rebuildBundles   'babel',
82 verbose rebuildBundles   'body',
82 verbose rebuildBundles   'body-parser',
82 verbose rebuildBundles   'cheerio',
82 verbose rebuildBundles   'connect-flash',
82 verbose rebuildBundles   'express',
82 verbose rebuildBundles   'express-handlebars',
82 verbose rebuildBundles   'express-session',
82 verbose rebuildBundles   'literallycanvas',
82 verbose rebuildBundles   'local-storage',
82 verbose rebuildBundles   'mongodb',
82 verbose rebuildBundles   'mongojs',
82 verbose rebuildBundles   'mysql',
82 verbose rebuildBundles   'package',
82 verbose rebuildBundles   'parser',
82 verbose rebuildBundles   'passport',
82 verbose rebuildBundles   'passport-local',
82 verbose rebuildBundles   'react',
82 verbose rebuildBundles   'react-dom',
82 verbose rebuildBundles   'react-router',
82 verbose rebuildBundles   'request',
82 verbose rebuildBundles   'webpack' ]
83 verbose rebuild bundle C:\Users\sheli\Desktop\DevProjects\Final-Project-SG-master\up2measure\node_modules\babel
84 info build C:\Users\sheli\Desktop\DevProjects\Final-Project-SG-master\up2measure\node_modules\babel
85 info preinstall babel@6.5.2
86 info linkStuff babel@6.5.2
87 silly linkStuff babel@6.5.2 has C:\Users\sheli\Desktop\DevProjects\Final-Project-SG-master\up2measure\node_modules as its parent node_modules
88 verbose linkBins babel@6.5.2
89 verbose link bins [ { babel: './cli.js',
89 verbose link bins     'babel-node': './cli.js',
89 verbose link bins     'babel-external-helpers': './cli.js' },
89 verbose link bins   'C:\\Users\\sheli\\Desktop\\DevProjects\\Final-Project-SG-master\\up2measure\\node_modules\\.bin',
89 verbose link bins   false ]
90 verbose linkMans babel@6.5.2
91 verbose rebuildBundles babel@6.5.2
92 info install babel@6.5.2
93 info postinstall babel@6.5.2
94 verbose rebuild bundle C:\Users\sheli\Desktop\DevProjects\Final-Project-SG-master\up2measure\node_modules\body
95 info build C:\Users\sheli\Desktop\DevProjects\Final-Project-SG-master\up2measure\node_modules\body
96 info preinstall body@5.1.0
97 info linkStuff body@5.1.0
98 silly linkStuff body@5.1.0 has C:\Users\sheli\Desktop\DevProjects\Final-Project-SG-master\up2measure\node_modules as its parent node_modules
99 verbose linkBins body@5.1.0
100 verbose linkMans body@5.1.0
101 verbose rebuildBundles body@5.1.0
102 verbose rebuildBundles [ 'continuable-cache', 'error', 'raw-body', 'safe-json-parse' ]
103 info install body@5.1.0
104 info postinstall body@5.1.0
105 verbose rebuild bundle C:\Users\sheli\Desktop\DevProjects\Final-Project-SG-master\up2measure\node_modules\cheerio
106 info build C:\Users\sheli\Desktop\DevProjects\Final-Project-SG-master\up2measure\node_modules\cheerio
107 info preinstall cheerio@0.20.0
108 info linkStuff cheerio@0.20.0
109 silly linkStuff cheerio@0.20.0 has C:\Users\sheli\Desktop\DevProjects\Final-Project-SG-master\up2measure\node_modules as its parent node_modules
110 verbose linkBins cheerio@0.20.0
111 verbose linkMans cheerio@0.20.0
112 verbose rebuildBundles cheerio@0.20.0
113 verbose rebuildBundles [ 'css-select',
113 verbose rebuildBundles   'dom-serializer',
113 verbose rebuildBundles   'entities',
113 verbose rebuildBundles   'htmlparser2',
113 verbose rebuildBundles   'jsdom',
113 verbose rebuildBundles   'lodash' ]
114 info install cheerio@0.20.0
115 info postinstall cheerio@0.20.0
116 verbose rebuild bundle C:\Users\sheli\Desktop\DevProjects\Final-Project-SG-master\up2measure\node_modules\literallycanvas
117 info build C:\Users\sheli\Desktop\DevProjects\Final-Project-SG-master\up2measure\node_modules\literallycanvas
118 info preinstall literallycanvas@0.4.13
119 info linkStuff literallycanvas@0.4.13
120 silly linkStuff literallycanvas@0.4.13 has C:\Users\sheli\Desktop\DevProjects\Final-Project-SG-master\up2measure\node_modules as its parent node_modules
121 verbose linkBins literallycanvas@0.4.13
122 verbose linkMans literallycanvas@0.4.13
123 verbose rebuildBundles literallycanvas@0.4.13
124 verbose rebuildBundles [ 'react', 'react-addons-pure-render-mixin' ]
125 info install literallycanvas@0.4.13
126 info postinstall literallycanvas@0.4.13
127 verbose rebuild bundle C:\Users\sheli\Desktop\DevProjects\Final-Project-SG-master\up2measure\node_modules\local-storage
128 info build C:\Users\sheli\Desktop\DevProjects\Final-Project-SG-master\up2measure\node_modules\local-storage
129 info preinstall local-storage@1.4.2
130 info linkStuff local-storage@1.4.2
131 silly linkStuff local-storage@1.4.2 has C:\Users\sheli\Desktop\DevProjects\Final-Project-SG-master\up2measure\node_modules as its parent node_modules
132 verbose linkBins local-storage@1.4.2
133 verbose linkMans local-storage@1.4.2
134 verbose rebuildBundles local-storage@1.4.2
135 info install local-storage@1.4.2
136 info postinstall local-storage@1.4.2
137 verbose rebuild bundle C:\Users\sheli\Desktop\DevProjects\Final-Project-SG-master\up2measure\node_modules\mongodb
138 info build C:\Users\sheli\Desktop\DevProjects\Final-Project-SG-master\up2measure\node_modules\mongodb
139 info preinstall mongodb@2.2.5
140 info linkStuff mongodb@2.2.5
141 silly linkStuff mongodb@2.2.5 has C:\Users\sheli\Desktop\DevProjects\Final-Project-SG-master\up2measure\node_modules as its parent node_modules
142 verbose linkBins mongodb@2.2.5
143 verbose linkMans mongodb@2.2.5
144 verbose rebuildBundles mongodb@2.2.5
145 verbose rebuildBundles [ 'es6-promise', 'mongodb-core', 'readable-stream' ]
146 info install mongodb@2.2.5
147 info postinstall mongodb@2.2.5
148 verbose rebuild bundle C:\Users\sheli\Desktop\DevProjects\Final-Project-SG-master\up2measure\node_modules\mongojs
149 info build C:\Users\sheli\Desktop\DevProjects\Final-Project-SG-master\up2measure\node_modules\mongojs
150 info preinstall mongojs@2.4.0
151 info linkStuff mongojs@2.4.0
152 silly linkStuff mongojs@2.4.0 has C:\Users\sheli\Desktop\DevProjects\Final-Project-SG-master\up2measure\node_modules as its parent node_modules
153 verbose linkBins mongojs@2.4.0
154 verbose linkMans mongojs@2.4.0
155 verbose rebuildBundles mongojs@2.4.0
156 verbose rebuildBundles [ 'each-series',
156 verbose rebuildBundles   'once',
156 verbose rebuildBundles   'parse-mongo-url',
156 verbose rebuildBundles   'readable-stream',
156 verbose rebuildBundles   'thunky',
156 verbose rebuildBundles   'to-mongodb-core',
156 verbose rebuildBundles   'xtend' ]
157 info install mongojs@2.4.0
158 info postinstall mongojs@2.4.0
159 verbose rebuild bundle C:\Users\sheli\Desktop\DevProjects\Final-Project-SG-master\up2measure\node_modules\package
160 info build C:\Users\sheli\Desktop\DevProjects\Final-Project-SG-master\up2measure\node_modules\package
161 info preinstall package@1.0.1
162 info linkStuff package@1.0.1
163 silly linkStuff package@1.0.1 has C:\Users\sheli\Desktop\DevProjects\Final-Project-SG-master\up2measure\node_modules as its parent node_modules
164 verbose linkBins package@1.0.1
165 verbose linkMans package@1.0.1
166 verbose rebuildBundles package@1.0.1
167 info install package@1.0.1
168 info postinstall package@1.0.1
169 verbose rebuild bundle C:\Users\sheli\Desktop\DevProjects\Final-Project-SG-master\up2measure\node_modules\parser
170 info build C:\Users\sheli\Desktop\DevProjects\Final-Project-SG-master\up2measure\node_modules\parser
171 info preinstall parser@0.1.4
172 info linkStuff parser@0.1.4
173 silly linkStuff parser@0.1.4 has C:\Users\sheli\Desktop\DevProjects\Final-Project-SG-master\up2measure\node_modules as its parent node_modules
174 verbose linkBins parser@0.1.4
175 verbose linkMans parser@0.1.4
176 verbose rebuildBundles parser@0.1.4
177 verbose rebuildBundles [ 'tokenizer' ]
178 info install parser@0.1.4
179 info postinstall parser@0.1.4
180 verbose rebuild bundle C:\Users\sheli\Desktop\DevProjects\Final-Project-SG-master\up2measure\node_modules\react
181 info build C:\Users\sheli\Desktop\DevProjects\Final-Project-SG-master\up2measure\node_modules\react
182 info preinstall react@15.3.1
183 info linkStuff react@15.3.1
184 silly linkStuff react@15.3.1 has C:\Users\sheli\Desktop\DevProjects\Final-Project-SG-master\up2measure\node_modules as its parent node_modules
185 verbose linkBins react@15.3.1
186 verbose linkMans react@15.3.1
187 verbose rebuildBundles react@15.3.1
188 verbose rebuildBundles [ '.bin', 'fbjs', 'loose-envify', 'object-assign' ]
189 info install react@15.3.1
190 info postinstall react@15.3.1
191 verbose rebuild bundle C:\Users\sheli\Desktop\DevProjects\Final-Project-SG-master\up2measure\node_modules\react-dom
192 info build C:\Users\sheli\Desktop\DevProjects\Final-Project-SG-master\up2measure\node_modules\react-dom
193 info preinstall react-dom@0.14.8
194 info linkStuff react-dom@0.14.8
195 silly linkStuff react-dom@0.14.8 has C:\Users\sheli\Desktop\DevProjects\Final-Project-SG-master\up2measure\node_modules as its parent node_modules
196 verbose linkBins react-dom@0.14.8
197 verbose linkMans react-dom@0.14.8
198 verbose rebuildBundles react-dom@0.14.8
199 info install react-dom@0.14.8
200 info postinstall react-dom@0.14.8
201 verbose rebuild bundle C:\Users\sheli\Desktop\DevProjects\Final-Project-SG-master\up2measure\node_modules\react-router
202 info build C:\Users\sheli\Desktop\DevProjects\Final-Project-SG-master\up2measure\node_modules\react-router
203 info preinstall react-router@2.6.1
204 info linkStuff react-router@2.6.1
205 silly linkStuff react-router@2.6.1 has C:\Users\sheli\Desktop\DevProjects\Final-Project-SG-master\up2measure\node_modules as its parent node_modules
206 verbose linkBins react-router@2.6.1
207 verbose linkMans react-router@2.6.1
208 verbose rebuildBundles react-router@2.6.1
209 verbose rebuildBundles [ '.bin',
209 verbose rebuildBundles   'history',
209 verbose rebuildBundles   'hoist-non-react-statics',
209 verbose rebuildBundles   'invariant',
209 verbose rebuildBundles   'loose-envify',
209 verbose rebuildBundles   'warning' ]
210 info install react-router@2.6.1
211 info postinstall react-router@2.6.1
212 verbose rebuild bundle C:\Users\sheli\Desktop\DevProjects\Final-Project-SG-master\up2measure\node_modules\request
213 info build C:\Users\sheli\Desktop\DevProjects\Final-Project-SG-master\up2measure\node_modules\request
214 info preinstall request@2.74.0
215 info linkStuff request@2.74.0
216 silly linkStuff request@2.74.0 has C:\Users\sheli\Desktop\DevProjects\Final-Project-SG-master\up2measure\node_modules as its parent node_modules
217 verbose linkBins request@2.74.0
218 verbose linkMans request@2.74.0
219 verbose rebuildBundles request@2.74.0
220 verbose rebuildBundles [ '.bin',
220 verbose rebuildBundles   'aws-sign2',
220 verbose rebuildBundles   'aws4',
220 verbose rebuildBundles   'bl',
220 verbose rebuildBundles   'caseless',
220 verbose rebuildBundles   'combined-stream',
220 verbose rebuildBundles   'extend',
220 verbose rebuildBundles   'forever-agent',
220 verbose rebuildBundles   'form-data',
220 verbose rebuildBundles   'har-validator',
220 verbose rebuildBundles   'hawk',
220 verbose rebuildBundles   'http-signature',
220 verbose rebuildBundles   'is-typedarray',
220 verbose rebuildBundles   'isstream',
220 verbose rebuildBundles   'json-stringify-safe',
220 verbose rebuildBundles   'mime-types',
220 verbose rebuildBundles   'node-uuid',
220 verbose rebuildBundles   'oauth-sign',
220 verbose rebuildBundles   'qs',
220 verbose rebuildBundles   'stringstream',
220 verbose rebuildBundles   'tough-cookie',
220 verbose rebuildBundles   'tunnel-agent' ]
221 info install request@2.74.0
222 info postinstall request@2.74.0
223 verbose rebuild bundle C:\Users\sheli\Desktop\DevProjects\Final-Project-SG-master\up2measure\node_modules\webpack
224 info build C:\Users\sheli\Desktop\DevProjects\Final-Project-SG-master\up2measure\node_modules\webpack
225 info preinstall webpack@1.13.1
226 info linkStuff webpack@1.13.1
227 silly linkStuff webpack@1.13.1 has C:\Users\sheli\Desktop\DevProjects\Final-Project-SG-master\up2measure\node_modules as its parent node_modules
228 verbose linkBins webpack@1.13.1
229 verbose link bins [ { webpack: './bin/webpack.js' },
229 verbose link bins   'C:\\Users\\sheli\\Desktop\\DevProjects\\Final-Project-SG-master\\up2measure\\node_modules\\.bin',
229 verbose link bins   false ]
230 verbose linkMans webpack@1.13.1
231 verbose rebuildBundles webpack@1.13.1
232 verbose rebuildBundles [ '.bin',
232 verbose rebuildBundles   'acorn',
232 verbose rebuildBundles   'async',
232 verbose rebuildBundles   'clone',
232 verbose rebuildBundles   'enhanced-resolve',
232 verbose rebuildBundles   'interpret',
232 verbose rebuildBundles   'loader-utils',
232 verbose rebuildBundles   'memory-fs',
232 verbose rebuildBundles   'mkdirp',
232 verbose rebuildBundles   'node-libs-browser',
232 verbose rebuildBundles   'optimist',
232 verbose rebuildBundles   'supports-color',
232 verbose rebuildBundles   'tapable',
232 verbose rebuildBundles   'uglify-js',
232 verbose rebuildBundles   'watchpack',
232 verbose rebuildBundles   'webpack-core' ]
233 info install webpack@1.13.1
234 info postinstall webpack@1.13.1
235 info install topnotch@1.1.1
236 info postinstall topnotch@1.1.1
237 info prepublish topnotch@1.1.1
238 verbose validateInstall loading C:\Users\sheli\Desktop\DevProjects\Final-Project-SG-master\up2measure\package.json for validation
239 verbose stack Error: The package react@15.3.1 does not satisfy its siblings' peerDependencies requirements!
239 verbose stack     at C:\Program Files\nodejs\node_modules\npm\lib\install.js:125:32
239 verbose stack     at C:\Program Files\nodejs\node_modules\npm\lib\install.js:268:7
239 verbose stack     at C:\Program Files\nodejs\node_modules\npm\node_modules\read-installed\read-installed.js:142:5
239 verbose stack     at C:\Program Files\nodejs\node_modules\npm\node_modules\read-installed\read-installed.js:263:14
239 verbose stack     at cb (C:\Program Files\nodejs\node_modules\npm\node_modules\slide\lib\async-map.js:47:24)
239 verbose stack     at C:\Program Files\nodejs\node_modules\npm\node_modules\read-installed\read-installed.js:263:14
239 verbose stack     at cb (C:\Program Files\nodejs\node_modules\npm\node_modules\slide\lib\async-map.js:47:24)
239 verbose stack     at C:\Program Files\nodejs\node_modules\npm\node_modules\read-installed\read-installed.js:263:14
239 verbose stack     at cb (C:\Program Files\nodejs\node_modules\npm\node_modules\slide\lib\async-map.js:47:24)
239 verbose stack     at C:\Program Files\nodejs\node_modules\npm\node_modules\read-installed\read-installed.js:263:14
240 verbose cwd C:\Users\sheli\Desktop\DevProjects\Final-Project-SG-master\up2measure
241 error Windows_NT 10.0.14393
242 error argv "C:\\Program Files\\nodejs\\node.exe" "C:\\Program Files\\nodejs\\node_modules\\npm\\bin\\npm-cli.js" "install"
243 error node v4.4.5
244 error npm  v2.15.5
245 error code EPEERINVALID
246 error peerinvalid The package react@15.3.1 does not satisfy its siblings' peerDependencies requirements!
246 error peerinvalid Peer react-dom@0.14.8 wants react@^0.14.8
246 error peerinvalid Peer react-router@2.6.1 wants react@^0.14.0 || ^15.0.0
246 error peerinvalid Peer literallycanvas@0.4.13 wants react@^0.14.6
247 verbose exit [ 1, true ]
